<?xml version="1.0" encoding="UTF-8" standalone="no"?><testsuite errors="0" failures="1" name="Intentar comprar con carrito vacío en Mercapleno" skipped="0" tests="1" time="3.63" timestamp="2026-06-13 06:17:44"><testcase name="Intentar realizar el pago sin productos agregados"><failure message="Expected condition failed: waiting for By.className: pay-btn to be present (tried for 5 second(s) with 100 milliseconds interval)&#10;Build info: version: '4.16.1', revision: '9b4c83354e'&#10;System info: os.name: 'Windows 11', os.arch: 'amd64', os.version: '10.0', java.version: '24.0.2'&#10;Driver info: driver.version: unknown" type="net.thucydides.core.webdriver.exceptions.ElementShouldBePresentException">Expected condition failed: waiting for By.className: pay-btn to be present (tried for 5 second(s) with 100 milliseconds interval)
Build info: version: '4.16.1', revision: '9b4c83354e'
System info: os.name: 'Windows 11', os.arch: 'amd64', os.version: '10.0', java.version: '24.0.2'
Driver info: driver.version: unknown</failure><system-err>Expected condition failed: waiting for By.className: pay-btn to be present (tried for 5 second(s) with 100 milliseconds interval)
Build info: version: '4.16.1', revision: '9b4c83354e'
System info: os.name: 'Windows 11', os.arch: 'amd64', os.version: '10.0', java.version: '24.0.2'
Driver info: driver.version: unknown&#13;
com.Mercapleno.stepdefinitions.CarritoStepDefinitions.decidirPagarSinProductos(CarritoStepDefinitions.java:92)&#13;
</system-err></testcase></testsuite>